<?xml version="1.0" encoding="UTF-8"?>
<!-- Generated by org.testng.reporters.JUnitXMLReporter -->
<testsuite ignored="1" hostname="SoundarMurugan" failures="0" tests="5" name="Default test" time="71.106" errors="0" timestamp="24 Jan 2022 10:00:06 GMT">
  <testcase classname="testNG.TestNGTask" name="login" time="6.624"/>
  <testcase classname="testNG.TestNGTask" name="MobileSearch" time="9.658"/>
  <testcase classname="testNG.TestNGTask" name="WindowsHandle" time="8.121"/>
  <testcase classname="testNG.TestNGTask" name="buyNow" time="0.06"/>
  <testcase classname="testNG.TestNGTask" name="nameCheck" time="0.0"/>
  <testcase classname="testNG.TestNGTask" name="takeSS" time="0.0">
    <ignored/>
  </testcase> <!-- takeSS -->
</testsuite> <!-- Default test -->
