<?xml version="1.0" encoding="UTF-8"?>
<!-- Generated by org.testng.reporters.JUnitXMLReporter -->
<testsuite ignored="2" hostname="SoundarMurugan" failures="0" tests="6" name="Test" time="180.94" errors="0" timestamp="24 Jan 2022 14:26:51 GMT">
  <testcase classname="testNG.TvSearch" name="login" time="6.132"/>
  <testcase classname="testNG.TestNGTask" name="login" time="5.309"/>
  <testcase classname="testNG.TvSearch" name="MobileSearch" time="62.977"/>
  <testcase classname="testNG.TestNGTask" name="MobileSearch" time="6.554"/>
  <testcase classname="testNG.TestNGTask" name="WindowsHandle" time="3.933"/>
  <testcase classname="testNG.TestNGTask" name="buyNow" time="0.064"/>
  <testcase classname="testNG.TestNGTask" name="takeSS" time="0.0">
    <ignored/>
  </testcase> <!-- takeSS -->
  <testcase classname="testNG.TestNGTask" name="nameCheck" time="0.0">
    <ignored/>
  </testcase> <!-- nameCheck -->
</testsuite> <!-- Test -->
