<?xml version="1.0" encoding="UTF-8"?>
<testng-results ignored="2" total="8" passed="6" failed="0" skipped="0">
  <reporter-output>
  </reporter-output>
  <suite started-at="2022-01-24T14:23:50Z" name="Suite" finished-at="2022-01-24T14:26:51Z" duration-ms="180940">
    <groups>
      <group name="one">
        <method signature="TestNGTask.MobileSearch()[pri:1, instance:testNG.TestNGTask@10f7f7de]" name="MobileSearch" class="testNG.TestNGTask"/>
        <method signature="TestNGTask.WindowsHandle()[pri:2, instance:testNG.TestNGTask@10f7f7de]" name="WindowsHandle" class="testNG.TestNGTask"/>
        <method signature="TestNGTask.buyNow()[pri:3, instance:testNG.TestNGTask@10f7f7de]" name="buyNow" class="testNG.TestNGTask"/>
        <method signature="TestNGTask.login()[pri:0, instance:testNG.TestNGTask@10f7f7de]" name="login" class="testNG.TestNGTask"/>
        <method signature="TvSearch.MobileSearch()[pri:1, instance:testNG.TvSearch@11f0a5a1]" name="MobileSearch" class="testNG.TvSearch"/>
        <method signature="TvSearch.login()[pri:0, instance:testNG.TvSearch@11f0a5a1]" name="login" class="testNG.TvSearch"/>
      </group> <!-- one -->
    </groups>
    <test started-at="2022-01-24T14:23:50Z" name="Test" finished-at="2022-01-24T14:26:51Z" duration-ms="180940">
      <class name="testNG.TestNGTask">
        <test-method is-config="true" signature="driverSetUp()[pri:0, instance:testNG.TestNGTask@10f7f7de]" started-at="2022-01-24T14:24:33Z" name="driverSetUp" finished-at="2022-01-24T14:24:54Z" duration-ms="21010" status="PASS">
          <reporter-output>
          </reporter-output>
        </test-method> <!-- driverSetUp -->
        <test-method signature="login()[pri:0, instance:testNG.TestNGTask@10f7f7de]" started-at="2022-01-24T14:24:54Z" name="login" finished-at="2022-01-24T14:25:00Z" duration-ms="5309" status="PASS">
          <reporter-output>
          </reporter-output>
        </test-method> <!-- login -->
        <test-method signature="MobileSearch()[pri:1, instance:testNG.TestNGTask@10f7f7de]" started-at="2022-01-24T14:26:34Z" name="MobileSearch" finished-at="2022-01-24T14:26:40Z" duration-ms="6554" status="PASS">
          <reporter-output>
          </reporter-output>
        </test-method> <!-- MobileSearch -->
        <test-method signature="WindowsHandle()[pri:2, instance:testNG.TestNGTask@10f7f7de]" started-at="2022-01-24T14:26:40Z" name="WindowsHandle" finished-at="2022-01-24T14:26:44Z" duration-ms="3933" status="PASS">
          <reporter-output>
          </reporter-output>
        </test-method> <!-- WindowsHandle -->
        <test-method signature="buyNow()[pri:3, instance:testNG.TestNGTask@10f7f7de]" started-at="2022-01-24T14:26:44Z" name="buyNow" finished-at="2022-01-24T14:26:44Z" duration-ms="64" status="PASS">
          <reporter-output>
          </reporter-output>
        </test-method> <!-- buyNow -->
        <test-method is-config="true" signature="closeDriver()[pri:0, instance:testNG.TestNGTask@10f7f7de]" started-at="2022-01-24T14:26:44Z" name="closeDriver" finished-at="2022-01-24T14:26:51Z" duration-ms="6432" status="PASS">
          <reporter-output>
          </reporter-output>
        </test-method> <!-- closeDriver -->
      </class> <!-- testNG.TestNGTask -->
      <class name="testNG.TvSearch">
        <test-method is-config="true" signature="driverSetUp()[pri:0, instance:testNG.TvSearch@11f0a5a1]" started-at="2022-01-24T14:23:50Z" name="driverSetUp" finished-at="2022-01-24T14:24:27Z" duration-ms="37489" status="PASS">
          <reporter-output>
          </reporter-output>
        </test-method> <!-- driverSetUp -->
        <test-method signature="login()[pri:0, instance:testNG.TvSearch@11f0a5a1]" started-at="2022-01-24T14:24:27Z" name="login" finished-at="2022-01-24T14:24:33Z" duration-ms="6132" status="PASS">
          <reporter-output>
          </reporter-output>
        </test-method> <!-- login -->
        <test-method signature="MobileSearch()[pri:1, instance:testNG.TvSearch@11f0a5a1]" started-at="2022-01-24T14:25:00Z" name="MobileSearch" finished-at="2022-01-24T14:26:03Z" duration-ms="62977" status="PASS">
          <reporter-output>
          </reporter-output>
        </test-method> <!-- MobileSearch -->
        <test-method is-config="true" signature="closeDriver()[pri:0, instance:testNG.TvSearch@11f0a5a1]" started-at="2022-01-24T14:26:03Z" name="closeDriver" finished-at="2022-01-24T14:26:34Z" duration-ms="30959" status="PASS">
          <reporter-output>
          </reporter-output>
        </test-method> <!-- closeDriver -->
      </class> <!-- testNG.TvSearch -->
    </test> <!-- Test -->
  </suite> <!-- Suite -->
</testng-results>
